# JRE version: OpenJDK Runtime Environment (17.0.11) (build 17.0.11+0--11852314)
# Java VM: OpenJDK 64-Bit Server VM (17.0.11+0--11852314, mixed mode, tiered, compressed oops, compressed class ptrs, g1 gc, windows-amd64)
GC Precious Log:
 CPUs: 4 total, 4 available
 Memory: 8120M
 Large Page Support: Disabled
 NUMA Support: Disabled
 Compressed Oops: Enabled (32-bit)
 Heap Region Size: 1M
 Heap Min Capacity: 8M
 Heap Initial Capacity: 128M
 Heap Max Capacity: 2G
 Pre-touch: Disabled
 Parallel Workers: 4
 Concurrent Workers: 1
 Concurrent Refinement Workers: 4
 Periodic GC: Disabled
Heap:
 garbage-first heap   total 333824K, used 151098K [0x0000000080000000, 0x0000000100000000)
  region size 1024K, 8 young (8192K), 8 survivors (8192K)
 Metaspace       used 152192K, committed 153536K, reserved 1245184K
  class space    used 20883K, committed 21568K, reserved 1048576K
GC Heap History (20 events):
Event: 258.023 GC heap after
{Heap after GC invocations=64 (full 0):
 garbage-first heap   total 333824K, used 145516K [0x0000000080000000, 0x0000000100000000)
  region size 1024K, 2 young (2048K), 2 survivors (2048K)
 Metaspace       used 149481K, committed 150592K, reserved 1179648K
  class space    used 20683K, committed 21248K, reserved 1048576K
}
Event: 261.430 GC heap before
{Heap before GC invocations=64 (full 0):
 garbage-first heap   total 333824K, used 203884K [0x0000000080000000, 0x0000000100000000)
  region size 1024K, 61 young (62464K), 2 survivors (2048K)
 Metaspace       used 149738K, committed 150848K, reserved 1179648K
  class space    used 20697K, committed 21248K, reserved 1048576K
}
Event: 261.435 GC heap after
{Heap after GC invocations=65 (full 0):
 garbage-first heap   total 333824K, used 145516K [0x0000000080000000, 0x0000000100000000)
  region size 1024K, 2 young (2048K), 2 survivors (2048K)
 Metaspace       used 149738K, committed 150848K, reserved 1179648K
  class space    used 20697K, committed 21248K, reserved 1048576K
}
Event: 292.709 GC heap before
{Heap before GC invocations=66 (full 0):
 garbage-first heap   total 333824K, used 291948K [0x0000000080000000, 0x0000000100000000)
  region size 1024K, 127 young (130048K), 2 survivors (2048K)
 Metaspace       used 150173K, committed 151360K, reserved 1179648K
  class space    used 20722K, committed 21312K, reserved 1048576K
}
Event: 292.725 GC heap after
{Heap after GC invocations=67 (full 0):
 garbage-first heap   total 333824K, used 157414K [0x0000000080000000, 0x0000000100000000)
  region size 1024K, 14 young (14336K), 14 survivors (14336K)
 Metaspace       used 150173K, committed 151360K, reserved 1179648K
  class space    used 20722K, committed 21312K, reserved 1048576K
}
Event: 292.728 GC heap before
{Heap before GC invocations=67 (full 0):
 garbage-first heap   total 333824K, used 159462K [0x0000000080000000, 0x0000000100000000)
  region size 1024K, 16 young (16384K), 14 survivors (14336K)
 Metaspace       used 150173K, committed 151360K, reserved 1179648K
  class space    used 20722K, committed 21312K, reserved 1048576K
}
Event: 292.753 GC heap after
{Heap after GC invocations=68 (full 0):
 garbage-first heap   total 333824K, used 152959K [0x0000000080000000, 0x0000000100000000)
  region size 1024K, 2 young (2048K), 2 survivors (2048K)
 Metaspace       used 150173K, committed 151360K, reserved 1179648K
  class space    used 20722K, committed 21312K, reserved 1048576K
}
Event: 295.877 GC heap before
{Heap before GC invocations=68 (full 0):
 garbage-first heap   total 333824K, used 211327K [0x0000000080000000, 0x0000000100000000)
  region size 1024K, 61 young (62464K), 2 survivors (2048K)
 Metaspace       used 150941K, committed 152320K, reserved 1179648K
  class space    used 20849K, committed 21504K, reserved 1048576K
}
Event: 295.887 GC heap after
{Heap after GC invocations=69 (full 0):
 garbage-first heap   total 333824K, used 162392K [0x0000000080000000, 0x0000000100000000)
  region size 1024K, 11 young (11264K), 11 survivors (11264K)
 Metaspace       used 150941K, committed 152320K, reserved 1179648K
  class space    used 20849K, committed 21504K, reserved 1048576K
}
Event: 466.506 GC heap before
{Heap before GC invocations=70 (full 0):
 garbage-first heap   total 333824K, used 267864K [0x0000000080000000, 0x0000000100000000)
  region size 1024K, 97 young (99328K), 11 survivors (11264K)
 Metaspace       used 151211K, committed 152576K, reserved 1245184K
  class space    used 20852K, committed 21504K, reserved 1048576K
}
Event: 466.532 GC heap after
{Heap after GC invocations=71 (full 0):
 garbage-first heap   total 333824K, used 168773K [0x0000000080000000, 0x0000000100000000)
  region size 1024K, 8 young (8192K), 8 survivors (8192K)
 Metaspace       used 151211K, committed 152576K, reserved 1245184K
  class space    used 20852K, committed 21504K, reserved 1048576K
}
Event: 466.673 GC heap before
{Heap before GC invocations=71 (full 0):
 garbage-first heap   total 333824K, used 175941K [0x0000000080000000, 0x0000000100000000)
  region size 1024K, 16 young (16384K), 8 survivors (8192K)
 Metaspace       used 151212K, committed 152576K, reserved 1245184K
  class space    used 20852K, committed 21504K, reserved 1048576K
}
Event: 466.689 GC heap after
{Heap after GC invocations=72 (full 0):
 garbage-first heap   total 333824K, used 161185K [0x0000000080000000, 0x0000000100000000)
  region size 1024K, 2 young (2048K), 2 survivors (2048K)
 Metaspace       used 151212K, committed 152576K, reserved 1245184K
  class space    used 20852K, committed 21504K, reserved 1048576K
}
Event: 470.152 GC heap before
{Heap before GC invocations=72 (full 0):
 garbage-first heap   total 333824K, used 252321K [0x0000000080000000, 0x0000000100000000)
  region size 1024K, 91 young (93184K), 2 survivors (2048K)
 Metaspace       used 151416K, committed 152768K, reserved 1245184K
  class space    used 20856K, committed 21504K, reserved 1048576K
}
Event: 470.166 GC heap after
{Heap after GC invocations=73 (full 0):
 garbage-first heap   total 333824K, used 166463K [0x0000000080000000, 0x0000000100000000)
  region size 1024K, 8 young (8192K), 8 survivors (8192K)
 Metaspace       used 151416K, committed 152768K, reserved 1245184K
  class space    used 20856K, committed 21504K, reserved 1048576K
}
Event: 948.476 GC heap before
{Heap before GC invocations=74 (full 0):
 garbage-first heap   total 333824K, used 270911K [0x0000000080000000, 0x0000000100000000)
  region size 1024K, 98 young (100352K), 8 survivors (8192K)
 Metaspace       used 151775K, committed 153152K, reserved 1245184K
  class space    used 20872K, committed 21568K, reserved 1048576K
}
Event: 948.511 GC heap after
{Heap after GC invocations=75 (full 0):
 garbage-first heap   total 333824K, used 165141K [0x0000000080000000, 0x0000000100000000)
  region size 1024K, 10 young (10240K), 10 survivors (10240K)
 Metaspace       used 151775K, committed 153152K, reserved 1245184K
  class space    used 20872K, committed 21568K, reserved 1048576K
}
Event: 948.644 GC heap before
{Heap before GC invocations=75 (full 0):
 garbage-first heap   total 333824K, used 171285K [0x0000000080000000, 0x0000000100000000)
  region size 1024K, 16 young (16384K), 10 survivors (10240K)
 Metaspace       used 151809K, committed 153216K, reserved 1245184K
  class space    used 20873K, committed 21568K, reserved 1048576K
}
Event: 948.693 GC heap after
{Heap after GC invocations=76 (full 0):
 garbage-first heap   total 333824K, used 145256K [0x0000000080000000, 0x0000000100000000)
  region size 1024K, 2 young (2048K), 2 survivors (2048K)
 Metaspace       used 151809K, committed 153216K, reserved 1245184K
  class space    used 20873K, committed 21568K, reserved 1048576K
}
Event: 953.850 GC heap before
{Heap before GC invocations=76 (full 0):
 garbage-first heap   total 333824K, used 253800K [0x0000000080000000, 0x0000000100000000)
  region size 1024K, 109 young (111616K), 2 survivors (2048K)
 Metaspace       used 152192K, committed 153536K, reserved 1245184K
  class space    used 20883K, committed 21568K, reserved 1048576K
}

